INFO 2025-05-30 00:57:05,617 autoreload Watching for file changes with StatReloader
INFO 2025-05-30 00:57:14,057 views CSV export requested by user admin@test.com
INFO 2025-05-30 00:57:14,059 views CSV export completed - 0 items exported
INFO 2025-05-30 00:57:14,060 basehttp "GET /api/filemanager/export-things/ HTTP/1.1" 200 20
INFO 2025-05-30 00:58:51,103 basehttp "GET / HTTP/1.1" 302 0
INFO 2025-05-30 00:58:51,134 basehttp "GET /swagger/ HTTP/1.1" 200 2456
INFO 2025-05-30 00:58:51,387 basehttp "GET /static/drf-yasg/style.css HTTP/1.1" 200 1047
INFO 2025-05-30 00:58:51,392 basehttp "GET /static/drf-yasg/swagger-ui-init.js HTTP/1.1" 200 15480
INFO 2025-05-30 00:58:51,459 basehttp "GET /static/drf-yasg/swagger-ui-dist/swagger-ui-standalone-preset.js HTTP/1.1" 200 322863
INFO 2025-05-30 00:58:51,469 basehttp "GET /static/drf-yasg/swagger-ui-dist/swagger-ui.css HTTP/1.1" 200 145206
INFO 2025-05-30 00:58:51,476 basehttp "GET /static/drf-yasg/insQ.min.js HTTP/1.1" 200 2093
INFO 2025-05-30 00:58:51,477 basehttp "GET /static/drf-yasg/immutable.min.js HTTP/1.1" 200 56904
INFO 2025-05-30 00:58:51,482 basehttp "GET /static/drf-yasg/swagger-ui-dist/swagger-ui-bundle.js HTTP/1.1" 200 1046583
WARNING 2025-05-30 00:58:51,843 base view's RoomViewSet raised exception during schema generation; use `getattr(self, 'swagger_fake_view', False)` to detect and short-circuit this
Traceback (most recent call last):
  File "C:\Users\hemap\Desktop\tdd-project\venv\Lib\site-packages\drf_yasg\inspectors\base.py", line 42, in call_view_method
    return view_method()
  File "C:\Users\hemap\Desktop\tdd-project\rooms\views.py", line 14, in get_queryset
    return self.queryset.filter(owner=self.request.user)
           ~~~~~~~~~~~~~~~~~~~~^^^^^^^^^^^^^^^^^^^^^^^^^
  File "C:\Users\hemap\Desktop\tdd-project\venv\Lib\site-packages\django\db\models\query.py", line 1491, in filter
    return self._filter_or_exclude(False, args, kwargs)
           ~~~~~~~~~~~~~~~~~~~~~~~^^^^^^^^^^^^^^^^^^^^^
  File "C:\Users\hemap\Desktop\tdd-project\venv\Lib\site-packages\django\db\models\query.py", line 1509, in _filter_or_exclude
    clone._filter_or_exclude_inplace(negate, args, kwargs)
    ~~~~~~~~~~~~~~~~~~~~~~~~~~~~~~~~^^^^^^^^^^^^^^^^^^^^^^
  File "C:\Users\hemap\Desktop\tdd-project\venv\Lib\site-packages\django\db\models\query.py", line 1516, in _filter_or_exclude_inplace
    self._query.add_q(Q(*args, **kwargs))
    ~~~~~~~~~~~~~~~~~^^^^^^^^^^^^^^^^^^^^
  File "C:\Users\hemap\Desktop\tdd-project\venv\Lib\site-packages\django\db\models\sql\query.py", line 1643, in add_q
    clause, _ = self._add_q(q_object, can_reuse)
                ~~~~~~~~~~~^^^^^^^^^^^^^^^^^^^^^
  File "C:\Users\hemap\Desktop\tdd-project\venv\Lib\site-packages\django\db\models\sql\query.py", line 1675, in _add_q
    child_clause, needed_inner = self.build_filter(
                                 ~~~~~~~~~~~~~~~~~^
        child,
        ^^^^^^
    ...<7 lines>...
        update_join_types=update_join_types,
        ^^^^^^^^^^^^^^^^^^^^^^^^^^^^^^^^^^^^
    )
    ^
  File "C:\Users\hemap\Desktop\tdd-project\venv\Lib\site-packages\django\db\models\sql\query.py", line 1560, in build_filter
    self.check_related_objects(join_info.final_field, value, join_info.opts)
    ~~~~~~~~~~~~~~~~~~~~~~~~~~^^^^^^^^^^^^^^^^^^^^^^^^^^^^^^^^^^^^^^^^^^^^^^
  File "C:\Users\hemap\Desktop\tdd-project\venv\Lib\site-packages\django\db\models\sql\query.py", line 1369, in check_related_objects
    self.check_query_object_type(value, opts, field)
    ~~~~~~~~~~~~~~~~~~~~~~~~~~~~^^^^^^^^^^^^^^^^^^^^
  File "C:\Users\hemap\Desktop\tdd-project\venv\Lib\site-packages\django\db\models\sql\query.py", line 1346, in check_query_object_type
    raise ValueError(
    ...<2 lines>...
    )
ValueError: Cannot query "admin": Must be "CustomUser" instance.
WARNING 2025-05-30 00:58:51,856 base view's ThingViewSet raised exception during schema generation; use `getattr(self, 'swagger_fake_view', False)` to detect and short-circuit this
Traceback (most recent call last):
  File "C:\Users\hemap\Desktop\tdd-project\venv\Lib\site-packages\drf_yasg\inspectors\base.py", line 42, in call_view_method
    return view_method()
  File "C:\Users\hemap\Desktop\tdd-project\rooms\views.py", line 26, in get_queryset
    return self.queryset.filter(room__owner=self.request.user)
           ~~~~~~~~~~~~~~~~~~~~^^^^^^^^^^^^^^^^^^^^^^^^^^^^^^^
  File "C:\Users\hemap\Desktop\tdd-project\venv\Lib\site-packages\django\db\models\query.py", line 1491, in filter
    return self._filter_or_exclude(False, args, kwargs)
           ~~~~~~~~~~~~~~~~~~~~~~~^^^^^^^^^^^^^^^^^^^^^
  File "C:\Users\hemap\Desktop\tdd-project\venv\Lib\site-packages\django\db\models\query.py", line 1509, in _filter_or_exclude
    clone._filter_or_exclude_inplace(negate, args, kwargs)
    ~~~~~~~~~~~~~~~~~~~~~~~~~~~~~~~~^^^^^^^^^^^^^^^^^^^^^^
  File "C:\Users\hemap\Desktop\tdd-project\venv\Lib\site-packages\django\db\models\query.py", line 1516, in _filter_or_exclude_inplace
    self._query.add_q(Q(*args, **kwargs))
    ~~~~~~~~~~~~~~~~~^^^^^^^^^^^^^^^^^^^^
  File "C:\Users\hemap\Desktop\tdd-project\venv\Lib\site-packages\django\db\models\sql\query.py", line 1643, in add_q
    clause, _ = self._add_q(q_object, can_reuse)
                ~~~~~~~~~~~^^^^^^^^^^^^^^^^^^^^^
  File "C:\Users\hemap\Desktop\tdd-project\venv\Lib\site-packages\django\db\models\sql\query.py", line 1675, in _add_q
    child_clause, needed_inner = self.build_filter(
                                 ~~~~~~~~~~~~~~~~~^
        child,
        ^^^^^^
    ...<7 lines>...
        update_join_types=update_join_types,
        ^^^^^^^^^^^^^^^^^^^^^^^^^^^^^^^^^^^^
    )
    ^
  File "C:\Users\hemap\Desktop\tdd-project\venv\Lib\site-packages\django\db\models\sql\query.py", line 1560, in build_filter
    self.check_related_objects(join_info.final_field, value, join_info.opts)
    ~~~~~~~~~~~~~~~~~~~~~~~~~~^^^^^^^^^^^^^^^^^^^^^^^^^^^^^^^^^^^^^^^^^^^^^^
  File "C:\Users\hemap\Desktop\tdd-project\venv\Lib\site-packages\django\db\models\sql\query.py", line 1369, in check_related_objects
    self.check_query_object_type(value, opts, field)
    ~~~~~~~~~~~~~~~~~~~~~~~~~~~~^^^^^^^^^^^^^^^^^^^^
  File "C:\Users\hemap\Desktop\tdd-project\venv\Lib\site-packages\django\db\models\sql\query.py", line 1346, in check_query_object_type
    raise ValueError(
    ...<2 lines>...
    )
ValueError: Cannot query "admin": Must be "CustomUser" instance.
WARNING 2025-05-30 00:58:51,864 base view's RoomViewSet raised exception during schema generation; use `getattr(self, 'swagger_fake_view', False)` to detect and short-circuit this
Traceback (most recent call last):
  File "C:\Users\hemap\Desktop\tdd-project\venv\Lib\site-packages\drf_yasg\inspectors\base.py", line 42, in call_view_method
    return view_method()
  File "C:\Users\hemap\Desktop\tdd-project\rooms\views.py", line 14, in get_queryset
    return self.queryset.filter(owner=self.request.user)
           ~~~~~~~~~~~~~~~~~~~~^^^^^^^^^^^^^^^^^^^^^^^^^
  File "C:\Users\hemap\Desktop\tdd-project\venv\Lib\site-packages\django\db\models\query.py", line 1491, in filter
    return self._filter_or_exclude(False, args, kwargs)
           ~~~~~~~~~~~~~~~~~~~~~~~^^^^^^^^^^^^^^^^^^^^^
  File "C:\Users\hemap\Desktop\tdd-project\venv\Lib\site-packages\django\db\models\query.py", line 1509, in _filter_or_exclude
    clone._filter_or_exclude_inplace(negate, args, kwargs)
    ~~~~~~~~~~~~~~~~~~~~~~~~~~~~~~~~^^^^^^^^^^^^^^^^^^^^^^
  File "C:\Users\hemap\Desktop\tdd-project\venv\Lib\site-packages\django\db\models\query.py", line 1516, in _filter_or_exclude_inplace
    self._query.add_q(Q(*args, **kwargs))
    ~~~~~~~~~~~~~~~~~^^^^^^^^^^^^^^^^^^^^
  File "C:\Users\hemap\Desktop\tdd-project\venv\Lib\site-packages\django\db\models\sql\query.py", line 1643, in add_q
    clause, _ = self._add_q(q_object, can_reuse)
                ~~~~~~~~~~~^^^^^^^^^^^^^^^^^^^^^
  File "C:\Users\hemap\Desktop\tdd-project\venv\Lib\site-packages\django\db\models\sql\query.py", line 1675, in _add_q
    child_clause, needed_inner = self.build_filter(
                                 ~~~~~~~~~~~~~~~~~^
        child,
        ^^^^^^
    ...<7 lines>...
        update_join_types=update_join_types,
        ^^^^^^^^^^^^^^^^^^^^^^^^^^^^^^^^^^^^
    )
    ^
  File "C:\Users\hemap\Desktop\tdd-project\venv\Lib\site-packages\django\db\models\sql\query.py", line 1560, in build_filter
    self.check_related_objects(join_info.final_field, value, join_info.opts)
    ~~~~~~~~~~~~~~~~~~~~~~~~~~^^^^^^^^^^^^^^^^^^^^^^^^^^^^^^^^^^^^^^^^^^^^^^
  File "C:\Users\hemap\Desktop\tdd-project\venv\Lib\site-packages\django\db\models\sql\query.py", line 1369, in check_related_objects
    self.check_query_object_type(value, opts, field)
    ~~~~~~~~~~~~~~~~~~~~~~~~~~~~^^^^^^^^^^^^^^^^^^^^
  File "C:\Users\hemap\Desktop\tdd-project\venv\Lib\site-packages\django\db\models\sql\query.py", line 1346, in check_query_object_type
    raise ValueError(
    ...<2 lines>...
    )
ValueError: Cannot query "admin": Must be "CustomUser" instance.
WARNING 2025-05-30 00:58:51,878 base view's ThingViewSet raised exception during schema generation; use `getattr(self, 'swagger_fake_view', False)` to detect and short-circuit this
Traceback (most recent call last):
  File "C:\Users\hemap\Desktop\tdd-project\venv\Lib\site-packages\drf_yasg\inspectors\base.py", line 42, in call_view_method
    return view_method()
  File "C:\Users\hemap\Desktop\tdd-project\rooms\views.py", line 26, in get_queryset
    return self.queryset.filter(room__owner=self.request.user)
           ~~~~~~~~~~~~~~~~~~~~^^^^^^^^^^^^^^^^^^^^^^^^^^^^^^^
  File "C:\Users\hemap\Desktop\tdd-project\venv\Lib\site-packages\django\db\models\query.py", line 1491, in filter
    return self._filter_or_exclude(False, args, kwargs)
           ~~~~~~~~~~~~~~~~~~~~~~~^^^^^^^^^^^^^^^^^^^^^
  File "C:\Users\hemap\Desktop\tdd-project\venv\Lib\site-packages\django\db\models\query.py", line 1509, in _filter_or_exclude
    clone._filter_or_exclude_inplace(negate, args, kwargs)
    ~~~~~~~~~~~~~~~~~~~~~~~~~~~~~~~~^^^^^^^^^^^^^^^^^^^^^^
  File "C:\Users\hemap\Desktop\tdd-project\venv\Lib\site-packages\django\db\models\query.py", line 1516, in _filter_or_exclude_inplace
    self._query.add_q(Q(*args, **kwargs))
    ~~~~~~~~~~~~~~~~~^^^^^^^^^^^^^^^^^^^^
  File "C:\Users\hemap\Desktop\tdd-project\venv\Lib\site-packages\django\db\models\sql\query.py", line 1643, in add_q
    clause, _ = self._add_q(q_object, can_reuse)
                ~~~~~~~~~~~^^^^^^^^^^^^^^^^^^^^^
  File "C:\Users\hemap\Desktop\tdd-project\venv\Lib\site-packages\django\db\models\sql\query.py", line 1675, in _add_q
    child_clause, needed_inner = self.build_filter(
                                 ~~~~~~~~~~~~~~~~~^
        child,
        ^^^^^^
    ...<7 lines>...
        update_join_types=update_join_types,
        ^^^^^^^^^^^^^^^^^^^^^^^^^^^^^^^^^^^^
    )
    ^
  File "C:\Users\hemap\Desktop\tdd-project\venv\Lib\site-packages\django\db\models\sql\query.py", line 1560, in build_filter
    self.check_related_objects(join_info.final_field, value, join_info.opts)
    ~~~~~~~~~~~~~~~~~~~~~~~~~~^^^^^^^^^^^^^^^^^^^^^^^^^^^^^^^^^^^^^^^^^^^^^^
  File "C:\Users\hemap\Desktop\tdd-project\venv\Lib\site-packages\django\db\models\sql\query.py", line 1369, in check_related_objects
    self.check_query_object_type(value, opts, field)
    ~~~~~~~~~~~~~~~~~~~~~~~~~~~~^^^^^^^^^^^^^^^^^^^^
  File "C:\Users\hemap\Desktop\tdd-project\venv\Lib\site-packages\django\db\models\sql\query.py", line 1346, in check_query_object_type
    raise ValueError(
    ...<2 lines>...
    )
ValueError: Cannot query "admin": Must be "CustomUser" instance.
INFO 2025-05-30 00:58:51,884 basehttp "GET /static/drf-yasg/swagger-ui-dist/favicon-32x32.png HTTP/1.1" 200 628
WARNING 2025-05-30 00:58:51,886 base view's RoomViewSet raised exception during schema generation; use `getattr(self, 'swagger_fake_view', False)` to detect and short-circuit this
Traceback (most recent call last):
  File "C:\Users\hemap\Desktop\tdd-project\venv\Lib\site-packages\drf_yasg\inspectors\base.py", line 42, in call_view_method
    return view_method()
  File "C:\Users\hemap\Desktop\tdd-project\rooms\views.py", line 14, in get_queryset
    return self.queryset.filter(owner=self.request.user)
           ~~~~~~~~~~~~~~~~~~~~^^^^^^^^^^^^^^^^^^^^^^^^^
  File "C:\Users\hemap\Desktop\tdd-project\venv\Lib\site-packages\django\db\models\query.py", line 1491, in filter
    return self._filter_or_exclude(False, args, kwargs)
           ~~~~~~~~~~~~~~~~~~~~~~~^^^^^^^^^^^^^^^^^^^^^
  File "C:\Users\hemap\Desktop\tdd-project\venv\Lib\site-packages\django\db\models\query.py", line 1509, in _filter_or_exclude
    clone._filter_or_exclude_inplace(negate, args, kwargs)
    ~~~~~~~~~~~~~~~~~~~~~~~~~~~~~~~~^^^^^^^^^^^^^^^^^^^^^^
  File "C:\Users\hemap\Desktop\tdd-project\venv\Lib\site-packages\django\db\models\query.py", line 1516, in _filter_or_exclude_inplace
    self._query.add_q(Q(*args, **kwargs))
    ~~~~~~~~~~~~~~~~~^^^^^^^^^^^^^^^^^^^^
  File "C:\Users\hemap\Desktop\tdd-project\venv\Lib\site-packages\django\db\models\sql\query.py", line 1643, in add_q
    clause, _ = self._add_q(q_object, can_reuse)
                ~~~~~~~~~~~^^^^^^^^^^^^^^^^^^^^^
  File "C:\Users\hemap\Desktop\tdd-project\venv\Lib\site-packages\django\db\models\sql\query.py", line 1675, in _add_q
    child_clause, needed_inner = self.build_filter(
                                 ~~~~~~~~~~~~~~~~~^
        child,
        ^^^^^^
    ...<7 lines>...
        update_join_types=update_join_types,
        ^^^^^^^^^^^^^^^^^^^^^^^^^^^^^^^^^^^^
    )
    ^
  File "C:\Users\hemap\Desktop\tdd-project\venv\Lib\site-packages\django\db\models\sql\query.py", line 1560, in build_filter
    self.check_related_objects(join_info.final_field, value, join_info.opts)
    ~~~~~~~~~~~~~~~~~~~~~~~~~~^^^^^^^^^^^^^^^^^^^^^^^^^^^^^^^^^^^^^^^^^^^^^^
  File "C:\Users\hemap\Desktop\tdd-project\venv\Lib\site-packages\django\db\models\sql\query.py", line 1369, in check_related_objects
    self.check_query_object_type(value, opts, field)
    ~~~~~~~~~~~~~~~~~~~~~~~~~~~~^^^^^^^^^^^^^^^^^^^^
  File "C:\Users\hemap\Desktop\tdd-project\venv\Lib\site-packages\django\db\models\sql\query.py", line 1346, in check_query_object_type
    raise ValueError(
    ...<2 lines>...
    )
ValueError: Cannot query "admin": Must be "CustomUser" instance.
WARNING 2025-05-30 00:58:51,919 base view's ThingViewSet raised exception during schema generation; use `getattr(self, 'swagger_fake_view', False)` to detect and short-circuit this
Traceback (most recent call last):
  File "C:\Users\hemap\Desktop\tdd-project\venv\Lib\site-packages\drf_yasg\inspectors\base.py", line 42, in call_view_method
    return view_method()
  File "C:\Users\hemap\Desktop\tdd-project\rooms\views.py", line 26, in get_queryset
    return self.queryset.filter(room__owner=self.request.user)
           ~~~~~~~~~~~~~~~~~~~~^^^^^^^^^^^^^^^^^^^^^^^^^^^^^^^
  File "C:\Users\hemap\Desktop\tdd-project\venv\Lib\site-packages\django\db\models\query.py", line 1491, in filter
    return self._filter_or_exclude(False, args, kwargs)
           ~~~~~~~~~~~~~~~~~~~~~~~^^^^^^^^^^^^^^^^^^^^^
  File "C:\Users\hemap\Desktop\tdd-project\venv\Lib\site-packages\django\db\models\query.py", line 1509, in _filter_or_exclude
    clone._filter_or_exclude_inplace(negate, args, kwargs)
    ~~~~~~~~~~~~~~~~~~~~~~~~~~~~~~~~^^^^^^^^^^^^^^^^^^^^^^
  File "C:\Users\hemap\Desktop\tdd-project\venv\Lib\site-packages\django\db\models\query.py", line 1516, in _filter_or_exclude_inplace
    self._query.add_q(Q(*args, **kwargs))
    ~~~~~~~~~~~~~~~~~^^^^^^^^^^^^^^^^^^^^
  File "C:\Users\hemap\Desktop\tdd-project\venv\Lib\site-packages\django\db\models\sql\query.py", line 1643, in add_q
    clause, _ = self._add_q(q_object, can_reuse)
                ~~~~~~~~~~~^^^^^^^^^^^^^^^^^^^^^
  File "C:\Users\hemap\Desktop\tdd-project\venv\Lib\site-packages\django\db\models\sql\query.py", line 1675, in _add_q
    child_clause, needed_inner = self.build_filter(
                                 ~~~~~~~~~~~~~~~~~^
        child,
        ^^^^^^
    ...<7 lines>...
        update_join_types=update_join_types,
        ^^^^^^^^^^^^^^^^^^^^^^^^^^^^^^^^^^^^
    )
    ^
  File "C:\Users\hemap\Desktop\tdd-project\venv\Lib\site-packages\django\db\models\sql\query.py", line 1560, in build_filter
    self.check_related_objects(join_info.final_field, value, join_info.opts)
    ~~~~~~~~~~~~~~~~~~~~~~~~~~^^^^^^^^^^^^^^^^^^^^^^^^^^^^^^^^^^^^^^^^^^^^^^
  File "C:\Users\hemap\Desktop\tdd-project\venv\Lib\site-packages\django\db\models\sql\query.py", line 1369, in check_related_objects
    self.check_query_object_type(value, opts, field)
    ~~~~~~~~~~~~~~~~~~~~~~~~~~~~^^^^^^^^^^^^^^^^^^^^
  File "C:\Users\hemap\Desktop\tdd-project\venv\Lib\site-packages\django\db\models\sql\query.py", line 1346, in check_query_object_type
    raise ValueError(
    ...<2 lines>...
    )
ValueError: Cannot query "admin": Must be "CustomUser" instance.
WARNING 2025-05-30 00:58:51,929 base view's RoomViewSet raised exception during schema generation; use `getattr(self, 'swagger_fake_view', False)` to detect and short-circuit this
Traceback (most recent call last):
  File "C:\Users\hemap\Desktop\tdd-project\venv\Lib\site-packages\drf_yasg\inspectors\base.py", line 42, in call_view_method
    return view_method()
  File "C:\Users\hemap\Desktop\tdd-project\rooms\views.py", line 14, in get_queryset
    return self.queryset.filter(owner=self.request.user)
           ~~~~~~~~~~~~~~~~~~~~^^^^^^^^^^^^^^^^^^^^^^^^^
  File "C:\Users\hemap\Desktop\tdd-project\venv\Lib\site-packages\django\db\models\query.py", line 1491, in filter
    return self._filter_or_exclude(False, args, kwargs)
           ~~~~~~~~~~~~~~~~~~~~~~~^^^^^^^^^^^^^^^^^^^^^
  File "C:\Users\hemap\Desktop\tdd-project\venv\Lib\site-packages\django\db\models\query.py", line 1509, in _filter_or_exclude
    clone._filter_or_exclude_inplace(negate, args, kwargs)
    ~~~~~~~~~~~~~~~~~~~~~~~~~~~~~~~~^^^^^^^^^^^^^^^^^^^^^^
  File "C:\Users\hemap\Desktop\tdd-project\venv\Lib\site-packages\django\db\models\query.py", line 1516, in _filter_or_exclude_inplace
    self._query.add_q(Q(*args, **kwargs))
    ~~~~~~~~~~~~~~~~~^^^^^^^^^^^^^^^^^^^^
  File "C:\Users\hemap\Desktop\tdd-project\venv\Lib\site-packages\django\db\models\sql\query.py", line 1643, in add_q
    clause, _ = self._add_q(q_object, can_reuse)
                ~~~~~~~~~~~^^^^^^^^^^^^^^^^^^^^^
  File "C:\Users\hemap\Desktop\tdd-project\venv\Lib\site-packages\django\db\models\sql\query.py", line 1675, in _add_q
    child_clause, needed_inner = self.build_filter(
                                 ~~~~~~~~~~~~~~~~~^
        child,
        ^^^^^^
    ...<7 lines>...
        update_join_types=update_join_types,
        ^^^^^^^^^^^^^^^^^^^^^^^^^^^^^^^^^^^^
    )
    ^
  File "C:\Users\hemap\Desktop\tdd-project\venv\Lib\site-packages\django\db\models\sql\query.py", line 1560, in build_filter
    self.check_related_objects(join_info.final_field, value, join_info.opts)
    ~~~~~~~~~~~~~~~~~~~~~~~~~~^^^^^^^^^^^^^^^^^^^^^^^^^^^^^^^^^^^^^^^^^^^^^^
  File "C:\Users\hemap\Desktop\tdd-project\venv\Lib\site-packages\django\db\models\sql\query.py", line 1369, in check_related_objects
    self.check_query_object_type(value, opts, field)
    ~~~~~~~~~~~~~~~~~~~~~~~~~~~~^^^^^^^^^^^^^^^^^^^^
  File "C:\Users\hemap\Desktop\tdd-project\venv\Lib\site-packages\django\db\models\sql\query.py", line 1346, in check_query_object_type
    raise ValueError(
    ...<2 lines>...
    )
ValueError: Cannot query "admin": Must be "CustomUser" instance.
WARNING 2025-05-30 00:58:51,936 base view's ThingViewSet raised exception during schema generation; use `getattr(self, 'swagger_fake_view', False)` to detect and short-circuit this
Traceback (most recent call last):
  File "C:\Users\hemap\Desktop\tdd-project\venv\Lib\site-packages\drf_yasg\inspectors\base.py", line 42, in call_view_method
    return view_method()
  File "C:\Users\hemap\Desktop\tdd-project\rooms\views.py", line 26, in get_queryset
    return self.queryset.filter(room__owner=self.request.user)
           ~~~~~~~~~~~~~~~~~~~~^^^^^^^^^^^^^^^^^^^^^^^^^^^^^^^
  File "C:\Users\hemap\Desktop\tdd-project\venv\Lib\site-packages\django\db\models\query.py", line 1491, in filter
    return self._filter_or_exclude(False, args, kwargs)
           ~~~~~~~~~~~~~~~~~~~~~~~^^^^^^^^^^^^^^^^^^^^^
  File "C:\Users\hemap\Desktop\tdd-project\venv\Lib\site-packages\django\db\models\query.py", line 1509, in _filter_or_exclude
    clone._filter_or_exclude_inplace(negate, args, kwargs)
    ~~~~~~~~~~~~~~~~~~~~~~~~~~~~~~~~^^^^^^^^^^^^^^^^^^^^^^
  File "C:\Users\hemap\Desktop\tdd-project\venv\Lib\site-packages\django\db\models\query.py", line 1516, in _filter_or_exclude_inplace
    self._query.add_q(Q(*args, **kwargs))
    ~~~~~~~~~~~~~~~~~^^^^^^^^^^^^^^^^^^^^
  File "C:\Users\hemap\Desktop\tdd-project\venv\Lib\site-packages\django\db\models\sql\query.py", line 1643, in add_q
    clause, _ = self._add_q(q_object, can_reuse)
                ~~~~~~~~~~~^^^^^^^^^^^^^^^^^^^^^
  File "C:\Users\hemap\Desktop\tdd-project\venv\Lib\site-packages\django\db\models\sql\query.py", line 1675, in _add_q
    child_clause, needed_inner = self.build_filter(
                                 ~~~~~~~~~~~~~~~~~^
        child,
        ^^^^^^
    ...<7 lines>...
        update_join_types=update_join_types,
        ^^^^^^^^^^^^^^^^^^^^^^^^^^^^^^^^^^^^
    )
    ^
  File "C:\Users\hemap\Desktop\tdd-project\venv\Lib\site-packages\django\db\models\sql\query.py", line 1560, in build_filter
    self.check_related_objects(join_info.final_field, value, join_info.opts)
    ~~~~~~~~~~~~~~~~~~~~~~~~~~^^^^^^^^^^^^^^^^^^^^^^^^^^^^^^^^^^^^^^^^^^^^^^
  File "C:\Users\hemap\Desktop\tdd-project\venv\Lib\site-packages\django\db\models\sql\query.py", line 1369, in check_related_objects
    self.check_query_object_type(value, opts, field)
    ~~~~~~~~~~~~~~~~~~~~~~~~~~~~^^^^^^^^^^^^^^^^^^^^
  File "C:\Users\hemap\Desktop\tdd-project\venv\Lib\site-packages\django\db\models\sql\query.py", line 1346, in check_query_object_type
    raise ValueError(
    ...<2 lines>...
    )
ValueError: Cannot query "admin": Must be "CustomUser" instance.
INFO 2025-05-30 00:58:51,972 basehttp "GET /swagger/?format=openapi HTTP/1.1" 200 7322
INFO 2025-05-30 01:00:10,904 autoreload Watching for file changes with StatReloader
INFO 2025-05-30 01:01:27,434 basehttp "GET /swagger/ HTTP/1.1" 200 2456
WARNING 2025-05-30 01:01:27,872 base view's RoomViewSet raised exception during schema generation; use `getattr(self, 'swagger_fake_view', False)` to detect and short-circuit this
Traceback (most recent call last):
  File "C:\Users\hemap\Desktop\tdd-project\venv\Lib\site-packages\drf_yasg\inspectors\base.py", line 42, in call_view_method
    return view_method()
  File "C:\Users\hemap\Desktop\tdd-project\rooms\views.py", line 14, in get_queryset
    return self.queryset.filter(owner=self.request.user)
           ~~~~~~~~~~~~~~~~~~~~^^^^^^^^^^^^^^^^^^^^^^^^^
  File "C:\Users\hemap\Desktop\tdd-project\venv\Lib\site-packages\django\db\models\query.py", line 1491, in filter
    return self._filter_or_exclude(False, args, kwargs)
           ~~~~~~~~~~~~~~~~~~~~~~~^^^^^^^^^^^^^^^^^^^^^
  File "C:\Users\hemap\Desktop\tdd-project\venv\Lib\site-packages\django\db\models\query.py", line 1509, in _filter_or_exclude
    clone._filter_or_exclude_inplace(negate, args, kwargs)
    ~~~~~~~~~~~~~~~~~~~~~~~~~~~~~~~~^^^^^^^^^^^^^^^^^^^^^^
  File "C:\Users\hemap\Desktop\tdd-project\venv\Lib\site-packages\django\db\models\query.py", line 1516, in _filter_or_exclude_inplace
    self._query.add_q(Q(*args, **kwargs))
    ~~~~~~~~~~~~~~~~~^^^^^^^^^^^^^^^^^^^^
  File "C:\Users\hemap\Desktop\tdd-project\venv\Lib\site-packages\django\db\models\sql\query.py", line 1643, in add_q
    clause, _ = self._add_q(q_object, can_reuse)
                ~~~~~~~~~~~^^^^^^^^^^^^^^^^^^^^^
  File "C:\Users\hemap\Desktop\tdd-project\venv\Lib\site-packages\django\db\models\sql\query.py", line 1675, in _add_q
    child_clause, needed_inner = self.build_filter(
                                 ~~~~~~~~~~~~~~~~~^
        child,
        ^^^^^^
    ...<7 lines>...
        update_join_types=update_join_types,
        ^^^^^^^^^^^^^^^^^^^^^^^^^^^^^^^^^^^^
    )
    ^
  File "C:\Users\hemap\Desktop\tdd-project\venv\Lib\site-packages\django\db\models\sql\query.py", line 1560, in build_filter
    self.check_related_objects(join_info.final_field, value, join_info.opts)
    ~~~~~~~~~~~~~~~~~~~~~~~~~~^^^^^^^^^^^^^^^^^^^^^^^^^^^^^^^^^^^^^^^^^^^^^^
  File "C:\Users\hemap\Desktop\tdd-project\venv\Lib\site-packages\django\db\models\sql\query.py", line 1369, in check_related_objects
    self.check_query_object_type(value, opts, field)
    ~~~~~~~~~~~~~~~~~~~~~~~~~~~~^^^^^^^^^^^^^^^^^^^^
  File "C:\Users\hemap\Desktop\tdd-project\venv\Lib\site-packages\django\db\models\sql\query.py", line 1346, in check_query_object_type
    raise ValueError(
    ...<2 lines>...
    )
ValueError: Cannot query "admin": Must be "CustomUser" instance.
WARNING 2025-05-30 01:01:27,886 base view's ThingViewSet raised exception during schema generation; use `getattr(self, 'swagger_fake_view', False)` to detect and short-circuit this
Traceback (most recent call last):
  File "C:\Users\hemap\Desktop\tdd-project\venv\Lib\site-packages\drf_yasg\inspectors\base.py", line 42, in call_view_method
    return view_method()
  File "C:\Users\hemap\Desktop\tdd-project\rooms\views.py", line 26, in get_queryset
    return self.queryset.filter(room__owner=self.request.user)
           ~~~~~~~~~~~~~~~~~~~~^^^^^^^^^^^^^^^^^^^^^^^^^^^^^^^
  File "C:\Users\hemap\Desktop\tdd-project\venv\Lib\site-packages\django\db\models\query.py", line 1491, in filter
    return self._filter_or_exclude(False, args, kwargs)
           ~~~~~~~~~~~~~~~~~~~~~~~^^^^^^^^^^^^^^^^^^^^^
  File "C:\Users\hemap\Desktop\tdd-project\venv\Lib\site-packages\django\db\models\query.py", line 1509, in _filter_or_exclude
    clone._filter_or_exclude_inplace(negate, args, kwargs)
    ~~~~~~~~~~~~~~~~~~~~~~~~~~~~~~~~^^^^^^^^^^^^^^^^^^^^^^
  File "C:\Users\hemap\Desktop\tdd-project\venv\Lib\site-packages\django\db\models\query.py", line 1516, in _filter_or_exclude_inplace
    self._query.add_q(Q(*args, **kwargs))
    ~~~~~~~~~~~~~~~~~^^^^^^^^^^^^^^^^^^^^
  File "C:\Users\hemap\Desktop\tdd-project\venv\Lib\site-packages\django\db\models\sql\query.py", line 1643, in add_q
    clause, _ = self._add_q(q_object, can_reuse)
                ~~~~~~~~~~~^^^^^^^^^^^^^^^^^^^^^
  File "C:\Users\hemap\Desktop\tdd-project\venv\Lib\site-packages\django\db\models\sql\query.py", line 1675, in _add_q
    child_clause, needed_inner = self.build_filter(
                                 ~~~~~~~~~~~~~~~~~^
        child,
        ^^^^^^
    ...<7 lines>...
        update_join_types=update_join_types,
        ^^^^^^^^^^^^^^^^^^^^^^^^^^^^^^^^^^^^
    )
    ^
  File "C:\Users\hemap\Desktop\tdd-project\venv\Lib\site-packages\django\db\models\sql\query.py", line 1560, in build_filter
    self.check_related_objects(join_info.final_field, value, join_info.opts)
    ~~~~~~~~~~~~~~~~~~~~~~~~~~^^^^^^^^^^^^^^^^^^^^^^^^^^^^^^^^^^^^^^^^^^^^^^
  File "C:\Users\hemap\Desktop\tdd-project\venv\Lib\site-packages\django\db\models\sql\query.py", line 1369, in check_related_objects
    self.check_query_object_type(value, opts, field)
    ~~~~~~~~~~~~~~~~~~~~~~~~~~~~^^^^^^^^^^^^^^^^^^^^
  File "C:\Users\hemap\Desktop\tdd-project\venv\Lib\site-packages\django\db\models\sql\query.py", line 1346, in check_query_object_type
    raise ValueError(
    ...<2 lines>...
    )
ValueError: Cannot query "admin": Must be "CustomUser" instance.
WARNING 2025-05-30 01:01:27,897 base view's RoomViewSet raised exception during schema generation; use `getattr(self, 'swagger_fake_view', False)` to detect and short-circuit this
Traceback (most recent call last):
  File "C:\Users\hemap\Desktop\tdd-project\venv\Lib\site-packages\drf_yasg\inspectors\base.py", line 42, in call_view_method
    return view_method()
  File "C:\Users\hemap\Desktop\tdd-project\rooms\views.py", line 14, in get_queryset
    return self.queryset.filter(owner=self.request.user)
           ~~~~~~~~~~~~~~~~~~~~^^^^^^^^^^^^^^^^^^^^^^^^^
  File "C:\Users\hemap\Desktop\tdd-project\venv\Lib\site-packages\django\db\models\query.py", line 1491, in filter
    return self._filter_or_exclude(False, args, kwargs)
           ~~~~~~~~~~~~~~~~~~~~~~~^^^^^^^^^^^^^^^^^^^^^
  File "C:\Users\hemap\Desktop\tdd-project\venv\Lib\site-packages\django\db\models\query.py", line 1509, in _filter_or_exclude
    clone._filter_or_exclude_inplace(negate, args, kwargs)
    ~~~~~~~~~~~~~~~~~~~~~~~~~~~~~~~~^^^^^^^^^^^^^^^^^^^^^^
  File "C:\Users\hemap\Desktop\tdd-project\venv\Lib\site-packages\django\db\models\query.py", line 1516, in _filter_or_exclude_inplace
    self._query.add_q(Q(*args, **kwargs))
    ~~~~~~~~~~~~~~~~~^^^^^^^^^^^^^^^^^^^^
  File "C:\Users\hemap\Desktop\tdd-project\venv\Lib\site-packages\django\db\models\sql\query.py", line 1643, in add_q
    clause, _ = self._add_q(q_object, can_reuse)
                ~~~~~~~~~~~^^^^^^^^^^^^^^^^^^^^^
  File "C:\Users\hemap\Desktop\tdd-project\venv\Lib\site-packages\django\db\models\sql\query.py", line 1675, in _add_q
    child_clause, needed_inner = self.build_filter(
                                 ~~~~~~~~~~~~~~~~~^
        child,
        ^^^^^^
    ...<7 lines>...
        update_join_types=update_join_types,
        ^^^^^^^^^^^^^^^^^^^^^^^^^^^^^^^^^^^^
    )
    ^
  File "C:\Users\hemap\Desktop\tdd-project\venv\Lib\site-packages\django\db\models\sql\query.py", line 1560, in build_filter
    self.check_related_objects(join_info.final_field, value, join_info.opts)
    ~~~~~~~~~~~~~~~~~~~~~~~~~~^^^^^^^^^^^^^^^^^^^^^^^^^^^^^^^^^^^^^^^^^^^^^^
  File "C:\Users\hemap\Desktop\tdd-project\venv\Lib\site-packages\django\db\models\sql\query.py", line 1369, in check_related_objects
    self.check_query_object_type(value, opts, field)
    ~~~~~~~~~~~~~~~~~~~~~~~~~~~~^^^^^^^^^^^^^^^^^^^^
  File "C:\Users\hemap\Desktop\tdd-project\venv\Lib\site-packages\django\db\models\sql\query.py", line 1346, in check_query_object_type
    raise ValueError(
    ...<2 lines>...
    )
ValueError: Cannot query "admin": Must be "CustomUser" instance.
WARNING 2025-05-30 01:01:27,906 base view's ThingViewSet raised exception during schema generation; use `getattr(self, 'swagger_fake_view', False)` to detect and short-circuit this
Traceback (most recent call last):
  File "C:\Users\hemap\Desktop\tdd-project\venv\Lib\site-packages\drf_yasg\inspectors\base.py", line 42, in call_view_method
    return view_method()
  File "C:\Users\hemap\Desktop\tdd-project\rooms\views.py", line 26, in get_queryset
    return self.queryset.filter(room__owner=self.request.user)
           ~~~~~~~~~~~~~~~~~~~~^^^^^^^^^^^^^^^^^^^^^^^^^^^^^^^
  File "C:\Users\hemap\Desktop\tdd-project\venv\Lib\site-packages\django\db\models\query.py", line 1491, in filter
    return self._filter_or_exclude(False, args, kwargs)
           ~~~~~~~~~~~~~~~~~~~~~~~^^^^^^^^^^^^^^^^^^^^^
  File "C:\Users\hemap\Desktop\tdd-project\venv\Lib\site-packages\django\db\models\query.py", line 1509, in _filter_or_exclude
    clone._filter_or_exclude_inplace(negate, args, kwargs)
    ~~~~~~~~~~~~~~~~~~~~~~~~~~~~~~~~^^^^^^^^^^^^^^^^^^^^^^
  File "C:\Users\hemap\Desktop\tdd-project\venv\Lib\site-packages\django\db\models\query.py", line 1516, in _filter_or_exclude_inplace
    self._query.add_q(Q(*args, **kwargs))
    ~~~~~~~~~~~~~~~~~^^^^^^^^^^^^^^^^^^^^
  File "C:\Users\hemap\Desktop\tdd-project\venv\Lib\site-packages\django\db\models\sql\query.py", line 1643, in add_q
    clause, _ = self._add_q(q_object, can_reuse)
                ~~~~~~~~~~~^^^^^^^^^^^^^^^^^^^^^
  File "C:\Users\hemap\Desktop\tdd-project\venv\Lib\site-packages\django\db\models\sql\query.py", line 1675, in _add_q
    child_clause, needed_inner = self.build_filter(
                                 ~~~~~~~~~~~~~~~~~^
        child,
        ^^^^^^
    ...<7 lines>...
        update_join_types=update_join_types,
        ^^^^^^^^^^^^^^^^^^^^^^^^^^^^^^^^^^^^
    )
    ^
  File "C:\Users\hemap\Desktop\tdd-project\venv\Lib\site-packages\django\db\models\sql\query.py", line 1560, in build_filter
    self.check_related_objects(join_info.final_field, value, join_info.opts)
    ~~~~~~~~~~~~~~~~~~~~~~~~~~^^^^^^^^^^^^^^^^^^^^^^^^^^^^^^^^^^^^^^^^^^^^^^
  File "C:\Users\hemap\Desktop\tdd-project\venv\Lib\site-packages\django\db\models\sql\query.py", line 1369, in check_related_objects
    self.check_query_object_type(value, opts, field)
    ~~~~~~~~~~~~~~~~~~~~~~~~~~~~^^^^^^^^^^^^^^^^^^^^
  File "C:\Users\hemap\Desktop\tdd-project\venv\Lib\site-packages\django\db\models\sql\query.py", line 1346, in check_query_object_type
    raise ValueError(
    ...<2 lines>...
    )
ValueError: Cannot query "admin": Must be "CustomUser" instance.
WARNING 2025-05-30 01:01:27,913 base view's RoomViewSet raised exception during schema generation; use `getattr(self, 'swagger_fake_view', False)` to detect and short-circuit this
Traceback (most recent call last):
  File "C:\Users\hemap\Desktop\tdd-project\venv\Lib\site-packages\drf_yasg\inspectors\base.py", line 42, in call_view_method
    return view_method()
  File "C:\Users\hemap\Desktop\tdd-project\rooms\views.py", line 14, in get_queryset
    return self.queryset.filter(owner=self.request.user)
           ~~~~~~~~~~~~~~~~~~~~^^^^^^^^^^^^^^^^^^^^^^^^^
  File "C:\Users\hemap\Desktop\tdd-project\venv\Lib\site-packages\django\db\models\query.py", line 1491, in filter
    return self._filter_or_exclude(False, args, kwargs)
           ~~~~~~~~~~~~~~~~~~~~~~~^^^^^^^^^^^^^^^^^^^^^
  File "C:\Users\hemap\Desktop\tdd-project\venv\Lib\site-packages\django\db\models\query.py", line 1509, in _filter_or_exclude
    clone._filter_or_exclude_inplace(negate, args, kwargs)
    ~~~~~~~~~~~~~~~~~~~~~~~~~~~~~~~~^^^^^^^^^^^^^^^^^^^^^^
  File "C:\Users\hemap\Desktop\tdd-project\venv\Lib\site-packages\django\db\models\query.py", line 1516, in _filter_or_exclude_inplace
    self._query.add_q(Q(*args, **kwargs))
    ~~~~~~~~~~~~~~~~~^^^^^^^^^^^^^^^^^^^^
  File "C:\Users\hemap\Desktop\tdd-project\venv\Lib\site-packages\django\db\models\sql\query.py", line 1643, in add_q
    clause, _ = self._add_q(q_object, can_reuse)
                ~~~~~~~~~~~^^^^^^^^^^^^^^^^^^^^^
  File "C:\Users\hemap\Desktop\tdd-project\venv\Lib\site-packages\django\db\models\sql\query.py", line 1675, in _add_q
    child_clause, needed_inner = self.build_filter(
                                 ~~~~~~~~~~~~~~~~~^
        child,
        ^^^^^^
    ...<7 lines>...
        update_join_types=update_join_types,
        ^^^^^^^^^^^^^^^^^^^^^^^^^^^^^^^^^^^^
    )
    ^
  File "C:\Users\hemap\Desktop\tdd-project\venv\Lib\site-packages\django\db\models\sql\query.py", line 1560, in build_filter
    self.check_related_objects(join_info.final_field, value, join_info.opts)
    ~~~~~~~~~~~~~~~~~~~~~~~~~~^^^^^^^^^^^^^^^^^^^^^^^^^^^^^^^^^^^^^^^^^^^^^^
  File "C:\Users\hemap\Desktop\tdd-project\venv\Lib\site-packages\django\db\models\sql\query.py", line 1369, in check_related_objects
    self.check_query_object_type(value, opts, field)
    ~~~~~~~~~~~~~~~~~~~~~~~~~~~~^^^^^^^^^^^^^^^^^^^^
  File "C:\Users\hemap\Desktop\tdd-project\venv\Lib\site-packages\django\db\models\sql\query.py", line 1346, in check_query_object_type
    raise ValueError(
    ...<2 lines>...
    )
ValueError: Cannot query "admin": Must be "CustomUser" instance.
WARNING 2025-05-30 01:01:27,921 base view's ThingViewSet raised exception during schema generation; use `getattr(self, 'swagger_fake_view', False)` to detect and short-circuit this
Traceback (most recent call last):
  File "C:\Users\hemap\Desktop\tdd-project\venv\Lib\site-packages\drf_yasg\inspectors\base.py", line 42, in call_view_method
    return view_method()
  File "C:\Users\hemap\Desktop\tdd-project\rooms\views.py", line 26, in get_queryset
    return self.queryset.filter(room__owner=self.request.user)
           ~~~~~~~~~~~~~~~~~~~~^^^^^^^^^^^^^^^^^^^^^^^^^^^^^^^
  File "C:\Users\hemap\Desktop\tdd-project\venv\Lib\site-packages\django\db\models\query.py", line 1491, in filter
    return self._filter_or_exclude(False, args, kwargs)
           ~~~~~~~~~~~~~~~~~~~~~~~^^^^^^^^^^^^^^^^^^^^^
  File "C:\Users\hemap\Desktop\tdd-project\venv\Lib\site-packages\django\db\models\query.py", line 1509, in _filter_or_exclude
    clone._filter_or_exclude_inplace(negate, args, kwargs)
    ~~~~~~~~~~~~~~~~~~~~~~~~~~~~~~~~^^^^^^^^^^^^^^^^^^^^^^
  File "C:\Users\hemap\Desktop\tdd-project\venv\Lib\site-packages\django\db\models\query.py", line 1516, in _filter_or_exclude_inplace
    self._query.add_q(Q(*args, **kwargs))
    ~~~~~~~~~~~~~~~~~^^^^^^^^^^^^^^^^^^^^
  File "C:\Users\hemap\Desktop\tdd-project\venv\Lib\site-packages\django\db\models\sql\query.py", line 1643, in add_q
    clause, _ = self._add_q(q_object, can_reuse)
                ~~~~~~~~~~~^^^^^^^^^^^^^^^^^^^^^
  File "C:\Users\hemap\Desktop\tdd-project\venv\Lib\site-packages\django\db\models\sql\query.py", line 1675, in _add_q
    child_clause, needed_inner = self.build_filter(
                                 ~~~~~~~~~~~~~~~~~^
        child,
        ^^^^^^
    ...<7 lines>...
        update_join_types=update_join_types,
        ^^^^^^^^^^^^^^^^^^^^^^^^^^^^^^^^^^^^
    )
    ^
  File "C:\Users\hemap\Desktop\tdd-project\venv\Lib\site-packages\django\db\models\sql\query.py", line 1560, in build_filter
    self.check_related_objects(join_info.final_field, value, join_info.opts)
    ~~~~~~~~~~~~~~~~~~~~~~~~~~^^^^^^^^^^^^^^^^^^^^^^^^^^^^^^^^^^^^^^^^^^^^^^
  File "C:\Users\hemap\Desktop\tdd-project\venv\Lib\site-packages\django\db\models\sql\query.py", line 1369, in check_related_objects
    self.check_query_object_type(value, opts, field)
    ~~~~~~~~~~~~~~~~~~~~~~~~~~~~^^^^^^^^^^^^^^^^^^^^
  File "C:\Users\hemap\Desktop\tdd-project\venv\Lib\site-packages\django\db\models\sql\query.py", line 1346, in check_query_object_type
    raise ValueError(
    ...<2 lines>...
    )
ValueError: Cannot query "admin": Must be "CustomUser" instance.
WARNING 2025-05-30 01:01:27,927 base view's RoomViewSet raised exception during schema generation; use `getattr(self, 'swagger_fake_view', False)` to detect and short-circuit this
Traceback (most recent call last):
  File "C:\Users\hemap\Desktop\tdd-project\venv\Lib\site-packages\drf_yasg\inspectors\base.py", line 42, in call_view_method
    return view_method()
  File "C:\Users\hemap\Desktop\tdd-project\rooms\views.py", line 14, in get_queryset
    return self.queryset.filter(owner=self.request.user)
           ~~~~~~~~~~~~~~~~~~~~^^^^^^^^^^^^^^^^^^^^^^^^^
  File "C:\Users\hemap\Desktop\tdd-project\venv\Lib\site-packages\django\db\models\query.py", line 1491, in filter
    return self._filter_or_exclude(False, args, kwargs)
           ~~~~~~~~~~~~~~~~~~~~~~~^^^^^^^^^^^^^^^^^^^^^
  File "C:\Users\hemap\Desktop\tdd-project\venv\Lib\site-packages\django\db\models\query.py", line 1509, in _filter_or_exclude
    clone._filter_or_exclude_inplace(negate, args, kwargs)
    ~~~~~~~~~~~~~~~~~~~~~~~~~~~~~~~~^^^^^^^^^^^^^^^^^^^^^^
  File "C:\Users\hemap\Desktop\tdd-project\venv\Lib\site-packages\django\db\models\query.py", line 1516, in _filter_or_exclude_inplace
    self._query.add_q(Q(*args, **kwargs))
    ~~~~~~~~~~~~~~~~~^^^^^^^^^^^^^^^^^^^^
  File "C:\Users\hemap\Desktop\tdd-project\venv\Lib\site-packages\django\db\models\sql\query.py", line 1643, in add_q
    clause, _ = self._add_q(q_object, can_reuse)
                ~~~~~~~~~~~^^^^^^^^^^^^^^^^^^^^^
  File "C:\Users\hemap\Desktop\tdd-project\venv\Lib\site-packages\django\db\models\sql\query.py", line 1675, in _add_q
    child_clause, needed_inner = self.build_filter(
                                 ~~~~~~~~~~~~~~~~~^
        child,
        ^^^^^^
    ...<7 lines>...
        update_join_types=update_join_types,
        ^^^^^^^^^^^^^^^^^^^^^^^^^^^^^^^^^^^^
    )
    ^
  File "C:\Users\hemap\Desktop\tdd-project\venv\Lib\site-packages\django\db\models\sql\query.py", line 1560, in build_filter
    self.check_related_objects(join_info.final_field, value, join_info.opts)
    ~~~~~~~~~~~~~~~~~~~~~~~~~~^^^^^^^^^^^^^^^^^^^^^^^^^^^^^^^^^^^^^^^^^^^^^^
  File "C:\Users\hemap\Desktop\tdd-project\venv\Lib\site-packages\django\db\models\sql\query.py", line 1369, in check_related_objects
    self.check_query_object_type(value, opts, field)
    ~~~~~~~~~~~~~~~~~~~~~~~~~~~~^^^^^^^^^^^^^^^^^^^^
  File "C:\Users\hemap\Desktop\tdd-project\venv\Lib\site-packages\django\db\models\sql\query.py", line 1346, in check_query_object_type
    raise ValueError(
    ...<2 lines>...
    )
ValueError: Cannot query "admin": Must be "CustomUser" instance.
WARNING 2025-05-30 01:01:27,941 base view's ThingViewSet raised exception during schema generation; use `getattr(self, 'swagger_fake_view', False)` to detect and short-circuit this
Traceback (most recent call last):
  File "C:\Users\hemap\Desktop\tdd-project\venv\Lib\site-packages\drf_yasg\inspectors\base.py", line 42, in call_view_method
    return view_method()
  File "C:\Users\hemap\Desktop\tdd-project\rooms\views.py", line 26, in get_queryset
    return self.queryset.filter(room__owner=self.request.user)
           ~~~~~~~~~~~~~~~~~~~~^^^^^^^^^^^^^^^^^^^^^^^^^^^^^^^
  File "C:\Users\hemap\Desktop\tdd-project\venv\Lib\site-packages\django\db\models\query.py", line 1491, in filter
    return self._filter_or_exclude(False, args, kwargs)
           ~~~~~~~~~~~~~~~~~~~~~~~^^^^^^^^^^^^^^^^^^^^^
  File "C:\Users\hemap\Desktop\tdd-project\venv\Lib\site-packages\django\db\models\query.py", line 1509, in _filter_or_exclude
    clone._filter_or_exclude_inplace(negate, args, kwargs)
    ~~~~~~~~~~~~~~~~~~~~~~~~~~~~~~~~^^^^^^^^^^^^^^^^^^^^^^
  File "C:\Users\hemap\Desktop\tdd-project\venv\Lib\site-packages\django\db\models\query.py", line 1516, in _filter_or_exclude_inplace
    self._query.add_q(Q(*args, **kwargs))
    ~~~~~~~~~~~~~~~~~^^^^^^^^^^^^^^^^^^^^
  File "C:\Users\hemap\Desktop\tdd-project\venv\Lib\site-packages\django\db\models\sql\query.py", line 1643, in add_q
    clause, _ = self._add_q(q_object, can_reuse)
                ~~~~~~~~~~~^^^^^^^^^^^^^^^^^^^^^
  File "C:\Users\hemap\Desktop\tdd-project\venv\Lib\site-packages\django\db\models\sql\query.py", line 1675, in _add_q
    child_clause, needed_inner = self.build_filter(
                                 ~~~~~~~~~~~~~~~~~^
        child,
        ^^^^^^
    ...<7 lines>...
        update_join_types=update_join_types,
        ^^^^^^^^^^^^^^^^^^^^^^^^^^^^^^^^^^^^
    )
    ^
  File "C:\Users\hemap\Desktop\tdd-project\venv\Lib\site-packages\django\db\models\sql\query.py", line 1560, in build_filter
    self.check_related_objects(join_info.final_field, value, join_info.opts)
    ~~~~~~~~~~~~~~~~~~~~~~~~~~^^^^^^^^^^^^^^^^^^^^^^^^^^^^^^^^^^^^^^^^^^^^^^
  File "C:\Users\hemap\Desktop\tdd-project\venv\Lib\site-packages\django\db\models\sql\query.py", line 1369, in check_related_objects
    self.check_query_object_type(value, opts, field)
    ~~~~~~~~~~~~~~~~~~~~~~~~~~~~^^^^^^^^^^^^^^^^^^^^
  File "C:\Users\hemap\Desktop\tdd-project\venv\Lib\site-packages\django\db\models\sql\query.py", line 1346, in check_query_object_type
    raise ValueError(
    ...<2 lines>...
    )
ValueError: Cannot query "admin": Must be "CustomUser" instance.
INFO 2025-05-30 01:01:27,999 basehttp "GET /swagger/?format=openapi HTTP/1.1" 200 7322
INFO 2025-05-30 01:02:32,023 views CSV export requested by user admin@test.com
INFO 2025-05-30 01:02:32,025 views CSV export completed - 0 items exported
INFO 2025-05-30 01:02:32,026 basehttp "GET /api/filemanager/export-things/ HTTP/1.1" 200 20
INFO 2025-05-30 01:05:53,574 basehttp "POST /api/users/ HTTP/1.1" 201 71
ERROR 2025-05-30 01:06:24,748 log Internal Server Error: /api/users/1/
Traceback (most recent call last):
  File "C:\Users\hemap\Desktop\tdd-project\venv\Lib\site-packages\django\core\handlers\exception.py", line 55, in inner
    response = get_response(request)
  File "C:\Users\hemap\Desktop\tdd-project\venv\Lib\site-packages\django\core\handlers\base.py", line 197, in _get_response
    response = wrapped_callback(request, *callback_args, **callback_kwargs)
  File "C:\Users\hemap\Desktop\tdd-project\venv\Lib\site-packages\django\views\decorators\csrf.py", line 65, in _view_wrapper
    return view_func(request, *args, **kwargs)
  File "C:\Users\hemap\Desktop\tdd-project\venv\Lib\site-packages\django\views\generic\base.py", line 104, in view
    return self.dispatch(request, *args, **kwargs)
           ~~~~~~~~~~~~~^^^^^^^^^^^^^^^^^^^^^^^^^^
  File "C:\Users\hemap\Desktop\tdd-project\venv\Lib\site-packages\rest_framework\views.py", line 515, in dispatch
    response = self.handle_exception(exc)
  File "C:\Users\hemap\Desktop\tdd-project\venv\Lib\site-packages\rest_framework\views.py", line 475, in handle_exception
    self.raise_uncaught_exception(exc)
    ~~~~~~~~~~~~~~~~~~~~~~~~~~~~~^^^^^
  File "C:\Users\hemap\Desktop\tdd-project\venv\Lib\site-packages\rest_framework\views.py", line 486, in raise_uncaught_exception
    raise exc
  File "C:\Users\hemap\Desktop\tdd-project\venv\Lib\site-packages\rest_framework\views.py", line 512, in dispatch
    response = handler(request, *args, **kwargs)
  File "C:\Users\hemap\Desktop\tdd-project\venv\Lib\site-packages\rest_framework\generics.py", line 286, in get
    return self.retrieve(request, *args, **kwargs)
           ~~~~~~~~~~~~~^^^^^^^^^^^^^^^^^^^^^^^^^^
  File "C:\Users\hemap\Desktop\tdd-project\venv\Lib\site-packages\rest_framework\mixins.py", line 54, in retrieve
    instance = self.get_object()
  File "C:\Users\hemap\Desktop\tdd-project\venv\Lib\site-packages\rest_framework\generics.py", line 92, in get_object
    assert lookup_url_kwarg in self.kwargs, (
           ^^^^^^^^^^^^^^^^^^^^^^^^^^^^^^^
AssertionError: Expected view UserDetail to be called with a URL keyword argument named "pk". Fix your URL conf, or set the `.lookup_field` attribute on the view correctly.
ERROR 2025-05-30 01:06:24,755 basehttp "GET /api/users/1/ HTTP/1.1" 500 23668
